<?xml version="1.0" encoding="UTF-8"?>
<TestRun id="87d6fcea-b459-4779-88e6-c7437a304667" name="simaob@WCMC-PC-01137 2013-10-29 13:49:34" runUser="WCMC\simaob" xmlns="http://microsoft.com/schemas/VisualStudio/TeamTest/2006">
  <TestRunConfiguration name="Default Run Configuration" id="a88c2c8b-86b1-4866-8602-b017ab333ae4">
    <Deployment runDeploymentRoot="V:\Dropbox\Informatics\contracts\SpeciesRequests\SigTradeDatabase\SigTrade2\trunk\TestResults\simaob_WCMC-PC-01137 2013-10-29 13_49_34">
      <DeploymentItem filename="V:\Dropbox\Informatics\contracts\SpeciesRequests\SigTradeDatabase\SigTrade2\trunk\SigTrade.Tests\bin\Debug\SubSonic.dll" />
      <DeploymentItem filename="V:\Dropbox\Informatics\contracts\SpeciesRequests\SigTradeDatabase\SigTrade2\trunk\SigTrade\bin\SigTrade.dll" />
    </Deployment>
    <Hosts skipUnhostableTests="false" />
    <Plugins>
      <Plugin>Microsoft.VisualStudio.TestTools.HostAdapters.AspNetPlugin, Microsoft.VisualStudio.QualityTools.HostAdapters.ASPNETAgent</Plugin>
    </Plugins>
    <TestTypeSpecific />
  </TestRunConfiguration>
  <ResultSummary outcome="Failed">
    <Counters total="28" executed="28" passed="7" error="0" failed="21" timeout="0" aborted="0" inconclusive="0" passedButRunAborted="0" notRunnable="0" notExecuted="0" disconnected="0" warning="0" completed="0" inProgress="0" pending="0" />
    <RunInfos>
      <RunInfo computerName="WCMC-PC-01137" outcome="Warning" timestamp="2013-10-29T13:49:39.8271521+00:00">
        <Text>Warning: Test Run deployment issue: The assembly or module 'MySql.Data' directly or indirectly referenced by the test container 'v:\dropbox\informatics\contracts\speciesrequests\sigtradedatabase\sigtrade2\trunk\sigtrade.tests\bin\debug\sigtrade.tests.dll' was not found.</Text>
      </RunInfo>
      <RunInfo computerName="WCMC-PC-01137" outcome="Warning" timestamp="2013-10-29T13:49:39.8271521+00:00">
        <Text>Warning: Test Run deployment issue: The assembly or module 'Microsoft.Practices.EnterpriseLibrary.Data' directly or indirectly referenced by the test container 'v:\dropbox\informatics\contracts\speciesrequests\sigtradedatabase\sigtrade2\trunk\sigtrade.tests\bin\debug\sigtrade.tests.dll' was not found.</Text>
      </RunInfo>
      <RunInfo computerName="WCMC-PC-01137" outcome="Warning" timestamp="2013-10-29T13:49:39.8271521+00:00">
        <Text>Warning: Test Run deployment issue: The assembly or module 'System.Data.SQLite' directly or indirectly referenced by the test container 'v:\dropbox\informatics\contracts\speciesrequests\sigtradedatabase\sigtrade2\trunk\sigtrade.tests\bin\debug\sigtrade.tests.dll' was not found.</Text>
      </RunInfo>
    </RunInfos>
  </ResultSummary>
  <Times creation="2013-10-29T13:49:34.1025797+00:00" queuing="2013-10-29T13:49:44.9826676+00:00" start="2013-10-29T13:49:45.1626856+00:00" finish="2013-10-29T13:49:55.6007293+00:00" />
  <TestDefinitions>
    <UnitTest name="Update_Meeting_Lib" storage="v:\dropbox\informatics\contracts\speciesrequests\sigtradedatabase\sigtrade2\trunk\sigtrade.tests\bin\debug\sigtrade.tests.dll" id="86421ab2-23e9-3e35-c1fa-2082e8b8bb8e">
      <Css projectStructure="" iteration="" />
      <Owners>
        <Owner name="" />
      </Owners>
      <Execution id="62683276-f91e-4953-a9b6-a98c321e33bf" />
      <TestMethod codeBase="V:\Dropbox\Informatics\contracts\SpeciesRequests\SigTradeDatabase\SigTrade2\trunk\SigTrade.Tests\bin\Debug\SigTrade.Tests.dll" adapterTypeName="Microsoft.VisualStudio.TestTools.TestTypes.Unit.UnitTestAdapter, Microsoft.VisualStudio.QualityTools.Tips.UnitTest.Adapter, Version=9.0.0.0, Culture=neutral, PublicKeyToken=b03f5f7f11d50a3a" className="SigTrade.Tests.MeetingLibTest, SigTrade.Tests" name="Update_Meeting_Lib" />
    </UnitTest>
    <UnitTest name="testSpPALIbExtra" storage="v:\dropbox\informatics\contracts\speciesrequests\sigtradedatabase\sigtrade2\trunk\sigtrade.tests\bin\debug\sigtrade.tests.dll" id="19c3f928-098e-5d69-884d-98c0325ba016">
      <Css projectStructure="" iteration="" />
      <Owners>
        <Owner name="" />
      </Owners>
      <Execution id="3a46478f-1358-4ecd-996a-d5f845bc1bf0" />
      <TestMethod codeBase="V:\Dropbox\Informatics\contracts\SpeciesRequests\SigTradeDatabase\SigTrade2\trunk\SigTrade.Tests\bin\Debug\SigTrade.Tests.dll" adapterTypeName="Microsoft.VisualStudio.TestTools.TestTypes.Unit.UnitTestAdapter, Microsoft.VisualStudio.QualityTools.Tips.UnitTest.Adapter, Version=9.0.0.0, Culture=neutral, PublicKeyToken=b03f5f7f11d50a3a" className="SigTrade.Tests.MeetingLibTest, SigTrade.Tests" name="testSpPALIbExtra" />
    </UnitTest>
    <UnitTest name="MeetingLibs_Get_By_ID" storage="v:\dropbox\informatics\contracts\speciesrequests\sigtradedatabase\sigtrade2\trunk\sigtrade.tests\bin\debug\sigtrade.tests.dll" id="005b8027-79e3-46f6-9745-850e93b5d47c">
      <Css projectStructure="" iteration="" />
      <Owners>
        <Owner name="" />
      </Owners>
      <Execution id="a1c1e495-d676-4fbb-a4f3-5f8a0632d276" />
      <TestMethod codeBase="V:\Dropbox\Informatics\contracts\SpeciesRequests\SigTradeDatabase\SigTrade2\trunk\SigTrade.Tests\bin\Debug\SigTrade.Tests.dll" adapterTypeName="Microsoft.VisualStudio.TestTools.TestTypes.Unit.UnitTestAdapter, Microsoft.VisualStudio.QualityTools.Tips.UnitTest.Adapter, Version=9.0.0.0, Culture=neutral, PublicKeyToken=b03f5f7f11d50a3a" className="SigTrade.Tests.MeetingLibTest, SigTrade.Tests" name="MeetingLibs_Get_By_ID" />
    </UnitTest>
    <UnitTest name="Test_SP_MeetingLib" storage="v:\dropbox\informatics\contracts\speciesrequests\sigtradedatabase\sigtrade2\trunk\sigtrade.tests\bin\debug\sigtrade.tests.dll" id="acd8ff44-222c-07a5-9873-01d4e2fa7c6d">
      <Css projectStructure="" iteration="" />
      <Owners>
        <Owner name="" />
      </Owners>
      <Execution id="2a989073-6bd7-47f4-b3fb-58695bab4e39" />
      <TestMethod codeBase="V:\Dropbox\Informatics\contracts\SpeciesRequests\SigTradeDatabase\SigTrade2\trunk\SigTrade.Tests\bin\Debug\SigTrade.Tests.dll" adapterTypeName="Microsoft.VisualStudio.TestTools.TestTypes.Unit.UnitTestAdapter, Microsoft.VisualStudio.QualityTools.Tips.UnitTest.Adapter, Version=9.0.0.0, Culture=neutral, PublicKeyToken=b03f5f7f11d50a3a" className="SigTrade.Tests.MeetingLibTest, SigTrade.Tests" name="Test_SP_MeetingLib" />
    </UnitTest>
    <UnitTest name="IndexTest" storage="v:\dropbox\informatics\contracts\speciesrequests\sigtradedatabase\sigtrade2\trunk\sigtrade.tests\bin\debug\sigtrade.tests.dll" id="af55ddc5-fb2f-9939-64eb-8818cf1171aa">
      <Css projectStructure="" iteration="" />
      <Owners>
        <Owner name="" />
      </Owners>
      <Execution id="eecef9f6-11ef-41aa-921c-2817521205a7" />
      <TestMethod codeBase="V:\Dropbox\Informatics\contracts\SpeciesRequests\SigTradeDatabase\SigTrade2\trunk\SigTrade.Tests\bin\Debug\SigTrade.Tests.dll" adapterTypeName="Microsoft.VisualStudio.TestTools.TestTypes.Unit.UnitTestAdapter, Microsoft.VisualStudio.QualityTools.Tips.UnitTest.Adapter, Version=9.0.0.0, Culture=neutral, PublicKeyToken=b03f5f7f11d50a3a" className="SigTrade.Tests.AddReviewControllerTest, SigTrade.Tests" name="IndexTest" />
      <AspNet webSiteUrl="http://localhost:2625/">
        <Host pathToWebApp="C:\Personal\dev\SignificantTrade\SignificantTrade" webAppRoot="/" />
      </AspNet>
    </UnitTest>
    <UnitTest name="testGetExternalRef" storage="v:\dropbox\informatics\contracts\speciesrequests\sigtradedatabase\sigtrade2\trunk\sigtrade.tests\bin\debug\sigtrade.tests.dll" id="eab7df36-6251-8915-09c6-b4613af57ea7">
      <Css projectStructure="" iteration="" />
      <Owners>
        <Owner name="" />
      </Owners>
      <Execution id="b8c1cbf3-1f1a-4048-a333-9996e1100a09" />
      <TestMethod codeBase="V:\Dropbox\Informatics\contracts\SpeciesRequests\SigTradeDatabase\SigTrade2\trunk\SigTrade.Tests\bin\Debug\SigTrade.Tests.dll" adapterTypeName="Microsoft.VisualStudio.TestTools.TestTypes.Unit.UnitTestAdapter, Microsoft.VisualStudio.QualityTools.Tips.UnitTest.Adapter, Version=9.0.0.0, Culture=neutral, PublicKeyToken=b03f5f7f11d50a3a" className="SigTrade.Tests.MeetingLibTest, SigTrade.Tests" name="testGetExternalRef" />
    </UnitTest>
    <UnitTest name="Testing_Pagination" storage="v:\dropbox\informatics\contracts\speciesrequests\sigtradedatabase\sigtrade2\trunk\sigtrade.tests\bin\debug\sigtrade.tests.dll" id="68db8ac5-0c1e-f976-695a-473fa8f8af01">
      <Css projectStructure="" iteration="" />
      <Owners>
        <Owner name="" />
      </Owners>
      <Execution id="de9b134f-d611-42c0-b415-b96e6a6fd51e" />
      <TestMethod codeBase="V:\Dropbox\Informatics\contracts\SpeciesRequests\SigTradeDatabase\SigTrade2\trunk\SigTrade.Tests\bin\Debug\SigTrade.Tests.dll" adapterTypeName="Microsoft.VisualStudio.TestTools.TestTypes.Unit.UnitTestAdapter, Microsoft.VisualStudio.QualityTools.Tips.UnitTest.Adapter, Version=9.0.0.0, Culture=neutral, PublicKeyToken=b03f5f7f11d50a3a" className="SigTrade.Tests.MeetingLibTest, SigTrade.Tests" name="Testing_Pagination" />
    </UnitTest>
    <UnitTest name="testAllCommittees" storage="v:\dropbox\informatics\contracts\speciesrequests\sigtradedatabase\sigtrade2\trunk\sigtrade.tests\bin\debug\sigtrade.tests.dll" id="c48c2e2b-8b90-f6a5-c988-cbd4e8935253">
      <Css projectStructure="" iteration="" />
      <Owners>
        <Owner name="" />
      </Owners>
      <Execution id="587b74a4-0292-4fc0-b17d-62d59038b69f" />
      <TestMethod codeBase="V:\Dropbox\Informatics\contracts\SpeciesRequests\SigTradeDatabase\SigTrade2\trunk\SigTrade.Tests\bin\Debug\SigTrade.Tests.dll" adapterTypeName="Microsoft.VisualStudio.TestTools.TestTypes.Unit.UnitTestAdapter, Microsoft.VisualStudio.QualityTools.Tips.UnitTest.Adapter, Version=9.0.0.0, Culture=neutral, PublicKeyToken=b03f5f7f11d50a3a" className="SigTrade.Tests.MeetingLibTest, SigTrade.Tests" name="testAllCommittees" />
    </UnitTest>
    <UnitTest name="TestDecisionDetails" storage="v:\dropbox\informatics\contracts\speciesrequests\sigtradedatabase\sigtrade2\trunk\sigtrade.tests\bin\debug\sigtrade.tests.dll" id="899519e0-14db-74f7-9025-6ef7c5f69451">
      <Css projectStructure="" iteration="" />
      <Owners>
        <Owner name="" />
      </Owners>
      <Execution id="4f27cc19-56b2-4e2b-ab39-12983a740562" />
      <TestMethod codeBase="V:\Dropbox\Informatics\contracts\SpeciesRequests\SigTradeDatabase\SigTrade2\trunk\SigTrade.Tests\bin\Debug\SigTrade.Tests.dll" adapterTypeName="Microsoft.VisualStudio.TestTools.TestTypes.Unit.UnitTestAdapter, Microsoft.VisualStudio.QualityTools.Tips.UnitTest.Adapter, Version=9.0.0.0, Culture=neutral, PublicKeyToken=b03f5f7f11d50a3a" className="SigTrade.Tests.MeetingLibTest, SigTrade.Tests" name="TestDecisionDetails" />
    </UnitTest>
    <UnitTest name="TestSelect" storage="v:\dropbox\informatics\contracts\speciesrequests\sigtradedatabase\sigtrade2\trunk\sigtrade.tests\bin\debug\sigtrade.tests.dll" id="81417c41-9375-f712-0fac-1d5b5b87b40d">
      <Css projectStructure="" iteration="" />
      <Owners>
        <Owner name="" />
      </Owners>
      <Execution id="807490e1-6439-4ed2-9c04-38d8a1d81ca4" />
      <TestMethod codeBase="V:\Dropbox\Informatics\contracts\SpeciesRequests\SigTradeDatabase\SigTrade2\trunk\SigTrade.Tests\bin\Debug\SigTrade.Tests.dll" adapterTypeName="Microsoft.VisualStudio.TestTools.TestTypes.Unit.UnitTestAdapter, Microsoft.VisualStudio.QualityTools.Tips.UnitTest.Adapter, Version=9.0.0.0, Culture=neutral, PublicKeyToken=b03f5f7f11d50a3a" className="SigTrade.Tests.MeetingLibTest, SigTrade.Tests" name="TestSelect" />
    </UnitTest>
    <UnitTest name="testPaging2" storage="v:\dropbox\informatics\contracts\speciesrequests\sigtradedatabase\sigtrade2\trunk\sigtrade.tests\bin\debug\sigtrade.tests.dll" id="1b9534a4-a8e9-4314-9f05-53cbe7801b07">
      <Css projectStructure="" iteration="" />
      <Owners>
        <Owner name="" />
      </Owners>
      <Execution id="ac5586e1-3496-484f-a692-d21190ac3238" />
      <TestMethod codeBase="V:\Dropbox\Informatics\contracts\SpeciesRequests\SigTradeDatabase\SigTrade2\trunk\SigTrade.Tests\bin\Debug\SigTrade.Tests.dll" adapterTypeName="Microsoft.VisualStudio.TestTools.TestTypes.Unit.UnitTestAdapter, Microsoft.VisualStudio.QualityTools.Tips.UnitTest.Adapter, Version=9.0.0.0, Culture=neutral, PublicKeyToken=b03f5f7f11d50a3a" className="SigTrade.Tests.MeetingLibTest, SigTrade.Tests" name="testPaging2" />
    </UnitTest>
    <UnitTest name="testForRoles" storage="v:\dropbox\informatics\contracts\speciesrequests\sigtradedatabase\sigtrade2\trunk\sigtrade.tests\bin\debug\sigtrade.tests.dll" id="a745e2fb-7efb-f82f-b2f1-4d4407fef1bf">
      <Css projectStructure="" iteration="" />
      <Owners>
        <Owner name="" />
      </Owners>
      <Execution id="edc2659e-6031-4736-a668-ae17bda03115" />
      <TestMethod codeBase="V:\Dropbox\Informatics\contracts\SpeciesRequests\SigTradeDatabase\SigTrade2\trunk\SigTrade.Tests\bin\Debug\SigTrade.Tests.dll" adapterTypeName="Microsoft.VisualStudio.TestTools.TestTypes.Unit.UnitTestAdapter, Microsoft.VisualStudio.QualityTools.Tips.UnitTest.Adapter, Version=9.0.0.0, Culture=neutral, PublicKeyToken=b03f5f7f11d50a3a" className="SigTrade.Tests.MeetingLibTest, SigTrade.Tests" name="testForRoles" />
    </UnitTest>
    <UnitTest name="IndexTest1" storage="v:\dropbox\informatics\contracts\speciesrequests\sigtradedatabase\sigtrade2\trunk\sigtrade.tests\bin\debug\sigtrade.tests.dll" id="e07ec89f-13ad-fac5-e1ea-4e3bb0bb4a28">
      <Css projectStructure="" iteration="" />
      <Owners>
        <Owner name="" />
      </Owners>
      <Execution id="4274ccc8-9a49-403c-9800-d9b0124974c8" />
      <TestMethod codeBase="V:\Dropbox\Informatics\contracts\SpeciesRequests\SigTradeDatabase\SigTrade2\trunk\SigTrade.Tests\bin\Debug\SigTrade.Tests.dll" adapterTypeName="Microsoft.VisualStudio.TestTools.TestTypes.Unit.UnitTestAdapter, Microsoft.VisualStudio.QualityTools.Tips.UnitTest.Adapter, Version=9.0.0.0, Culture=neutral, PublicKeyToken=b03f5f7f11d50a3a" className="SigTrade.Tests.AddReviewControllerTest, SigTrade.Tests" name="IndexTest1" />
      <AspNet webSiteUrl="http://localhost:2625/">
        <Host pathToWebApp="C:\Personal\dev\SignificantTrade\SignificantTrade" webAppRoot="/" />
      </AspNet>
    </UnitTest>
    <UnitTest name="testgetAllReviews" storage="v:\dropbox\informatics\contracts\speciesrequests\sigtradedatabase\sigtrade2\trunk\sigtrade.tests\bin\debug\sigtrade.tests.dll" id="786cf6a3-5843-b35a-facd-e86cb0350753">
      <Css projectStructure="" iteration="" />
      <Owners>
        <Owner name="" />
      </Owners>
      <Execution id="cd48ddf2-e239-47fa-80c5-a1611ebf9a26" />
      <TestMethod codeBase="V:\Dropbox\Informatics\contracts\SpeciesRequests\SigTradeDatabase\SigTrade2\trunk\SigTrade.Tests\bin\Debug\SigTrade.Tests.dll" adapterTypeName="Microsoft.VisualStudio.TestTools.TestTypes.Unit.UnitTestAdapter, Microsoft.VisualStudio.QualityTools.Tips.UnitTest.Adapter, Version=9.0.0.0, Culture=neutral, PublicKeyToken=b03f5f7f11d50a3a" className="SigTrade.Tests.AddReviewControllerTest, SigTrade.Tests" name="testgetAllReviews" />
      <AspNet webSiteUrl="http://localhost:2625/">
        <Host pathToWebApp="C:\Personal\dev\SignificantTrade\SignificantTrade" webAppRoot="/" />
      </AspNet>
    </UnitTest>
    <UnitTest name="test_Sp_getTaxonSelected" storage="v:\dropbox\informatics\contracts\speciesrequests\sigtradedatabase\sigtrade2\trunk\sigtrade.tests\bin\debug\sigtrade.tests.dll" id="f35a8e72-3fd7-2e83-6b8b-a70a9cee4f21">
      <Css projectStructure="" iteration="" />
      <Owners>
        <Owner name="" />
      </Owners>
      <Execution id="74ceb4fc-a4e2-4bb9-bf9c-525828ac4a4e" />
      <TestMethod codeBase="V:\Dropbox\Informatics\contracts\SpeciesRequests\SigTradeDatabase\SigTrade2\trunk\SigTrade.Tests\bin\Debug\SigTrade.Tests.dll" adapterTypeName="Microsoft.VisualStudio.TestTools.TestTypes.Unit.UnitTestAdapter, Microsoft.VisualStudio.QualityTools.Tips.UnitTest.Adapter, Version=9.0.0.0, Culture=neutral, PublicKeyToken=b03f5f7f11d50a3a" className="SigTrade.Tests.MeetingLibTest, SigTrade.Tests" name="test_Sp_getTaxonSelected" />
    </UnitTest>
    <UnitTest name="TestAllDecisions" storage="v:\dropbox\informatics\contracts\speciesrequests\sigtradedatabase\sigtrade2\trunk\sigtrade.tests\bin\debug\sigtrade.tests.dll" id="d73911d2-c2d8-ee03-ca04-5aae6d83a89c">
      <Css projectStructure="" iteration="" />
      <Owners>
        <Owner name="" />
      </Owners>
      <Execution id="5586d722-5044-47e3-b9ac-2c4fc91d02fd" />
      <TestMethod codeBase="V:\Dropbox\Informatics\contracts\SpeciesRequests\SigTradeDatabase\SigTrade2\trunk\SigTrade.Tests\bin\Debug\SigTrade.Tests.dll" adapterTypeName="Microsoft.VisualStudio.TestTools.TestTypes.Unit.UnitTestAdapter, Microsoft.VisualStudio.QualityTools.Tips.UnitTest.Adapter, Version=9.0.0.0, Culture=neutral, PublicKeyToken=b03f5f7f11d50a3a" className="SigTrade.Tests.MeetingLibTest, SigTrade.Tests" name="TestAllDecisions" />
    </UnitTest>
    <UnitTest name="testgetSingleReview" storage="v:\dropbox\informatics\contracts\speciesrequests\sigtradedatabase\sigtrade2\trunk\sigtrade.tests\bin\debug\sigtrade.tests.dll" id="61cac7c0-2d8a-5098-f5a2-24338b02b306">
      <Css projectStructure="" iteration="" />
      <Owners>
        <Owner name="" />
      </Owners>
      <Execution id="1170a0ca-9049-499d-a45d-cb3cca14ef37" />
      <TestMethod codeBase="V:\Dropbox\Informatics\contracts\SpeciesRequests\SigTradeDatabase\SigTrade2\trunk\SigTrade.Tests\bin\Debug\SigTrade.Tests.dll" adapterTypeName="Microsoft.VisualStudio.TestTools.TestTypes.Unit.UnitTestAdapter, Microsoft.VisualStudio.QualityTools.Tips.UnitTest.Adapter, Version=9.0.0.0, Culture=neutral, PublicKeyToken=b03f5f7f11d50a3a" className="SigTrade.Tests.AddReviewControllerTest, SigTrade.Tests" name="testgetSingleReview" />
    </UnitTest>
    <UnitTest name="IndexTest2" storage="v:\dropbox\informatics\contracts\speciesrequests\sigtradedatabase\sigtrade2\trunk\sigtrade.tests\bin\debug\sigtrade.tests.dll" id="4bdce021-1731-253c-eeab-87f5c03146c3">
      <Css projectStructure="" iteration="" />
      <Owners>
        <Owner name="" />
      </Owners>
      <Execution id="380d8d6f-150c-4867-8a4d-26c8ebfc45db" />
      <TestMethod codeBase="V:\Dropbox\Informatics\contracts\SpeciesRequests\SigTradeDatabase\SigTrade2\trunk\SigTrade.Tests\bin\Debug\SigTrade.Tests.dll" adapterTypeName="Microsoft.VisualStudio.TestTools.TestTypes.Unit.UnitTestAdapter, Microsoft.VisualStudio.QualityTools.Tips.UnitTest.Adapter, Version=9.0.0.0, Culture=neutral, PublicKeyToken=b03f5f7f11d50a3a" className="SigTrade.Tests.AddReviewControllerTest, SigTrade.Tests" name="IndexTest2" />
      <AspNet webSiteUrl="http://localhost:2625/">
        <Host pathToWebApp="C:\Personal\dev\SignificantTrade\SignificantTrade" webAppRoot="/" />
      </AspNet>
    </UnitTest>
    <UnitTest name="TestDescriptionGeneral" storage="v:\dropbox\informatics\contracts\speciesrequests\sigtradedatabase\sigtrade2\trunk\sigtrade.tests\bin\debug\sigtrade.tests.dll" id="a32a6327-5820-cac9-74f9-befc57033aaf">
      <Css projectStructure="" iteration="" />
      <Owners>
        <Owner name="" />
      </Owners>
      <Execution id="dbb05d08-cb57-4aad-921c-13ecd54652aa" />
      <TestMethod codeBase="V:\Dropbox\Informatics\contracts\SpeciesRequests\SigTradeDatabase\SigTrade2\trunk\SigTrade.Tests\bin\Debug\SigTrade.Tests.dll" adapterTypeName="Microsoft.VisualStudio.TestTools.TestTypes.Unit.UnitTestAdapter, Microsoft.VisualStudio.QualityTools.Tips.UnitTest.Adapter, Version=9.0.0.0, Culture=neutral, PublicKeyToken=b03f5f7f11d50a3a" className="SigTrade.Tests.MeetingLibTest, SigTrade.Tests" name="TestDescriptionGeneral" />
    </UnitTest>
    <UnitTest name="Testing_views" storage="v:\dropbox\informatics\contracts\speciesrequests\sigtradedatabase\sigtrade2\trunk\sigtrade.tests\bin\debug\sigtrade.tests.dll" id="86474037-6951-4d9d-16fb-927f7eadc928">
      <Css projectStructure="" iteration="" />
      <Owners>
        <Owner name="" />
      </Owners>
      <Execution id="9bc38d1a-d399-4a6f-a325-3f5f4a83de71" />
      <TestMethod codeBase="V:\Dropbox\Informatics\contracts\SpeciesRequests\SigTradeDatabase\SigTrade2\trunk\SigTrade.Tests\bin\Debug\SigTrade.Tests.dll" adapterTypeName="Microsoft.VisualStudio.TestTools.TestTypes.Unit.UnitTestAdapter, Microsoft.VisualStudio.QualityTools.Tips.UnitTest.Adapter, Version=9.0.0.0, Culture=neutral, PublicKeyToken=b03f5f7f11d50a3a" className="SigTrade.Tests.MeetingLibTest, SigTrade.Tests" name="Testing_views" />
    </UnitTest>
    <UnitTest name="Delete_MeetingLib" storage="v:\dropbox\informatics\contracts\speciesrequests\sigtradedatabase\sigtrade2\trunk\sigtrade.tests\bin\debug\sigtrade.tests.dll" id="d4495f1f-48e0-bdfe-91e2-0a38079c614d">
      <Css projectStructure="" iteration="" />
      <Owners>
        <Owner name="" />
      </Owners>
      <Execution id="3a2615db-a5c0-4db1-bf71-4297531216ae" />
      <TestMethod codeBase="V:\Dropbox\Informatics\contracts\SpeciesRequests\SigTradeDatabase\SigTrade2\trunk\SigTrade.Tests\bin\Debug\SigTrade.Tests.dll" adapterTypeName="Microsoft.VisualStudio.TestTools.TestTypes.Unit.UnitTestAdapter, Microsoft.VisualStudio.QualityTools.Tips.UnitTest.Adapter, Version=9.0.0.0, Culture=neutral, PublicKeyToken=b03f5f7f11d50a3a" className="SigTrade.Tests.MeetingLibTest, SigTrade.Tests" name="Delete_MeetingLib" />
    </UnitTest>
    <UnitTest name="Modify_MeetingLib" storage="v:\dropbox\informatics\contracts\speciesrequests\sigtradedatabase\sigtrade2\trunk\sigtrade.tests\bin\debug\sigtrade.tests.dll" id="a5920444-9fb9-a627-c3eb-59c205202b5a">
      <Css projectStructure="" iteration="" />
      <Owners>
        <Owner name="" />
      </Owners>
      <Execution id="f19ba7c6-d499-486e-bd20-36ec7339e9ba" />
      <TestMethod codeBase="V:\Dropbox\Informatics\contracts\SpeciesRequests\SigTradeDatabase\SigTrade2\trunk\SigTrade.Tests\bin\Debug\SigTrade.Tests.dll" adapterTypeName="Microsoft.VisualStudio.TestTools.TestTypes.Unit.UnitTestAdapter, Microsoft.VisualStudio.QualityTools.Tips.UnitTest.Adapter, Version=9.0.0.0, Culture=neutral, PublicKeyToken=b03f5f7f11d50a3a" className="SigTrade.Tests.MeetingLibTest, SigTrade.Tests" name="Modify_MeetingLib" />
    </UnitTest>
    <UnitTest name="getAllMeetingLibs" storage="v:\dropbox\informatics\contracts\speciesrequests\sigtradedatabase\sigtrade2\trunk\sigtrade.tests\bin\debug\sigtrade.tests.dll" id="267b06cf-3512-70f1-de50-617097bb439f">
      <Css projectStructure="" iteration="" />
      <Owners>
        <Owner name="" />
      </Owners>
      <Execution id="12eec7b9-300b-48b5-8d34-4e4624799190" />
      <TestMethod codeBase="V:\Dropbox\Informatics\contracts\SpeciesRequests\SigTradeDatabase\SigTrade2\trunk\SigTrade.Tests\bin\Debug\SigTrade.Tests.dll" adapterTypeName="Microsoft.VisualStudio.TestTools.TestTypes.Unit.UnitTestAdapter, Microsoft.VisualStudio.QualityTools.Tips.UnitTest.Adapter, Version=9.0.0.0, Culture=neutral, PublicKeyToken=b03f5f7f11d50a3a" className="SigTrade.Tests.MeetingLibTest, SigTrade.Tests" name="getAllMeetingLibs" />
    </UnitTest>
    <UnitTest name="DeleteAReview" storage="v:\dropbox\informatics\contracts\speciesrequests\sigtradedatabase\sigtrade2\trunk\sigtrade.tests\bin\debug\sigtrade.tests.dll" id="443e1e9c-04eb-97d4-80a7-135653c15860">
      <Css projectStructure="" iteration="" />
      <Owners>
        <Owner name="" />
      </Owners>
      <Execution id="5be6c767-5a87-48ae-8d8d-a0ff0ac49ab7" />
      <TestMethod codeBase="V:\Dropbox\Informatics\contracts\SpeciesRequests\SigTradeDatabase\SigTrade2\trunk\SigTrade.Tests\bin\Debug\SigTrade.Tests.dll" adapterTypeName="Microsoft.VisualStudio.TestTools.TestTypes.Unit.UnitTestAdapter, Microsoft.VisualStudio.QualityTools.Tips.UnitTest.Adapter, Version=9.0.0.0, Culture=neutral, PublicKeyToken=b03f5f7f11d50a3a" className="SigTrade.Tests.AddReviewControllerTest, SigTrade.Tests" name="DeleteAReview" />
    </UnitTest>
    <UnitTest name="getTaxonLevelID" storage="v:\dropbox\informatics\contracts\speciesrequests\sigtradedatabase\sigtrade2\trunk\sigtrade.tests\bin\debug\sigtrade.tests.dll" id="9158661c-4987-a70b-66bb-a67170aee7e7">
      <Css projectStructure="" iteration="" />
      <Owners>
        <Owner name="" />
      </Owners>
      <Execution id="95fd07b7-c4cb-4ecc-8852-8f14870c503c" />
      <TestMethod codeBase="V:\Dropbox\Informatics\contracts\SpeciesRequests\SigTradeDatabase\SigTrade2\trunk\SigTrade.Tests\bin\Debug\SigTrade.Tests.dll" adapterTypeName="Microsoft.VisualStudio.TestTools.TestTypes.Unit.UnitTestAdapter, Microsoft.VisualStudio.QualityTools.Tips.UnitTest.Adapter, Version=9.0.0.0, Culture=neutral, PublicKeyToken=b03f5f7f11d50a3a" className="SigTrade.Tests.MeetingLibTest, SigTrade.Tests" name="getTaxonLevelID" />
    </UnitTest>
    <UnitTest name="Adding_MeetingLib" storage="v:\dropbox\informatics\contracts\speciesrequests\sigtradedatabase\sigtrade2\trunk\sigtrade.tests\bin\debug\sigtrade.tests.dll" id="5cdd8905-2e22-888e-1f3e-3689f16f681a">
      <Css projectStructure="" iteration="" />
      <Owners>
        <Owner name="" />
      </Owners>
      <Execution id="f8a16564-3de7-448e-a0ab-68be07373cfd" />
      <TestMethod codeBase="V:\Dropbox\Informatics\contracts\SpeciesRequests\SigTradeDatabase\SigTrade2\trunk\SigTrade.Tests\bin\Debug\SigTrade.Tests.dll" adapterTypeName="Microsoft.VisualStudio.TestTools.TestTypes.Unit.UnitTestAdapter, Microsoft.VisualStudio.QualityTools.Tips.UnitTest.Adapter, Version=9.0.0.0, Culture=neutral, PublicKeyToken=b03f5f7f11d50a3a" className="SigTrade.Tests.MeetingLibTest, SigTrade.Tests" name="Adding_MeetingLib" />
    </UnitTest>
    <UnitTest name="IndexTest3" storage="v:\dropbox\informatics\contracts\speciesrequests\sigtradedatabase\sigtrade2\trunk\sigtrade.tests\bin\debug\sigtrade.tests.dll" id="595dcbc8-c5cb-5e59-42b8-d941934163a5">
      <Css projectStructure="" iteration="" />
      <Owners>
        <Owner name="" />
      </Owners>
      <Execution id="688e99e6-4ade-4954-9128-602a67c35b5f" />
      <TestMethod codeBase="V:\Dropbox\Informatics\contracts\SpeciesRequests\SigTradeDatabase\SigTrade2\trunk\SigTrade.Tests\bin\Debug\SigTrade.Tests.dll" adapterTypeName="Microsoft.VisualStudio.TestTools.TestTypes.Unit.UnitTestAdapter, Microsoft.VisualStudio.QualityTools.Tips.UnitTest.Adapter, Version=9.0.0.0, Culture=neutral, PublicKeyToken=b03f5f7f11d50a3a" className="SigTrade.Tests.AddReviewControllerTest, SigTrade.Tests" name="IndexTest3" />
      <AspNet webSiteUrl="http://localhost:2625/">
        <Host pathToWebApp="C:\Personal\dev\SignificantTrade\SignificantTrade" webAppRoot="/" />
      </AspNet>
    </UnitTest>
    <UnitTest name="testParagraphActionDetails" storage="v:\dropbox\informatics\contracts\speciesrequests\sigtradedatabase\sigtrade2\trunk\sigtrade.tests\bin\debug\sigtrade.tests.dll" id="9364a40e-859c-b3ad-ca1b-ae45ef04ed5d">
      <Css projectStructure="" iteration="" />
      <Owners>
        <Owner name="" />
      </Owners>
      <Execution id="5c2bdf07-0aeb-4a6c-bbf0-ead5e845ba4b" />
      <TestMethod codeBase="V:\Dropbox\Informatics\contracts\SpeciesRequests\SigTradeDatabase\SigTrade2\trunk\SigTrade.Tests\bin\Debug\SigTrade.Tests.dll" adapterTypeName="Microsoft.VisualStudio.TestTools.TestTypes.Unit.UnitTestAdapter, Microsoft.VisualStudio.QualityTools.Tips.UnitTest.Adapter, Version=9.0.0.0, Culture=neutral, PublicKeyToken=b03f5f7f11d50a3a" className="SigTrade.Tests.AddReviewControllerTest, SigTrade.Tests" name="testParagraphActionDetails" />
    </UnitTest>
  </TestDefinitions>
  <TestLists>
    <TestList name="Results Not in a List" id="8c84fa94-04c1-424b-9868-57a2d4851a1d" />
    <TestList name="All Loaded Results" id="19431567-8539-422a-85d7-44ee4e166bda" />
  </TestLists>
  <TestEntries>
    <TestEntry testId="af55ddc5-fb2f-9939-64eb-8818cf1171aa" executionId="eecef9f6-11ef-41aa-921c-2817521205a7" testListId="8c84fa94-04c1-424b-9868-57a2d4851a1d" />
    <TestEntry testId="e07ec89f-13ad-fac5-e1ea-4e3bb0bb4a28" executionId="4274ccc8-9a49-403c-9800-d9b0124974c8" testListId="8c84fa94-04c1-424b-9868-57a2d4851a1d" />
    <TestEntry testId="4bdce021-1731-253c-eeab-87f5c03146c3" executionId="380d8d6f-150c-4867-8a4d-26c8ebfc45db" testListId="8c84fa94-04c1-424b-9868-57a2d4851a1d" />
    <TestEntry testId="595dcbc8-c5cb-5e59-42b8-d941934163a5" executionId="688e99e6-4ade-4954-9128-602a67c35b5f" testListId="8c84fa94-04c1-424b-9868-57a2d4851a1d" />
    <TestEntry testId="786cf6a3-5843-b35a-facd-e86cb0350753" executionId="cd48ddf2-e239-47fa-80c5-a1611ebf9a26" testListId="8c84fa94-04c1-424b-9868-57a2d4851a1d" />
    <TestEntry testId="443e1e9c-04eb-97d4-80a7-135653c15860" executionId="5be6c767-5a87-48ae-8d8d-a0ff0ac49ab7" testListId="8c84fa94-04c1-424b-9868-57a2d4851a1d" />
    <TestEntry testId="9364a40e-859c-b3ad-ca1b-ae45ef04ed5d" executionId="5c2bdf07-0aeb-4a6c-bbf0-ead5e845ba4b" testListId="8c84fa94-04c1-424b-9868-57a2d4851a1d" />
    <TestEntry testId="61cac7c0-2d8a-5098-f5a2-24338b02b306" executionId="1170a0ca-9049-499d-a45d-cb3cca14ef37" testListId="8c84fa94-04c1-424b-9868-57a2d4851a1d" />
    <TestEntry testId="267b06cf-3512-70f1-de50-617097bb439f" executionId="12eec7b9-300b-48b5-8d34-4e4624799190" testListId="8c84fa94-04c1-424b-9868-57a2d4851a1d" />
    <TestEntry testId="005b8027-79e3-46f6-9745-850e93b5d47c" executionId="a1c1e495-d676-4fbb-a4f3-5f8a0632d276" testListId="8c84fa94-04c1-424b-9868-57a2d4851a1d" />
    <TestEntry testId="5cdd8905-2e22-888e-1f3e-3689f16f681a" executionId="f8a16564-3de7-448e-a0ab-68be07373cfd" testListId="8c84fa94-04c1-424b-9868-57a2d4851a1d" />
    <TestEntry testId="a5920444-9fb9-a627-c3eb-59c205202b5a" executionId="f19ba7c6-d499-486e-bd20-36ec7339e9ba" testListId="8c84fa94-04c1-424b-9868-57a2d4851a1d" />
    <TestEntry testId="d4495f1f-48e0-bdfe-91e2-0a38079c614d" executionId="3a2615db-a5c0-4db1-bf71-4297531216ae" testListId="8c84fa94-04c1-424b-9868-57a2d4851a1d" />
    <TestEntry testId="86421ab2-23e9-3e35-c1fa-2082e8b8bb8e" executionId="62683276-f91e-4953-a9b6-a98c321e33bf" testListId="8c84fa94-04c1-424b-9868-57a2d4851a1d" />
    <TestEntry testId="acd8ff44-222c-07a5-9873-01d4e2fa7c6d" executionId="2a989073-6bd7-47f4-b3fb-58695bab4e39" testListId="8c84fa94-04c1-424b-9868-57a2d4851a1d" />
    <TestEntry testId="86474037-6951-4d9d-16fb-927f7eadc928" executionId="9bc38d1a-d399-4a6f-a325-3f5f4a83de71" testListId="8c84fa94-04c1-424b-9868-57a2d4851a1d" />
    <TestEntry testId="9158661c-4987-a70b-66bb-a67170aee7e7" executionId="95fd07b7-c4cb-4ecc-8852-8f14870c503c" testListId="8c84fa94-04c1-424b-9868-57a2d4851a1d" />
    <TestEntry testId="f35a8e72-3fd7-2e83-6b8b-a70a9cee4f21" executionId="74ceb4fc-a4e2-4bb9-bf9c-525828ac4a4e" testListId="8c84fa94-04c1-424b-9868-57a2d4851a1d" />
    <TestEntry testId="eab7df36-6251-8915-09c6-b4613af57ea7" executionId="b8c1cbf3-1f1a-4048-a333-9996e1100a09" testListId="8c84fa94-04c1-424b-9868-57a2d4851a1d" />
    <TestEntry testId="c48c2e2b-8b90-f6a5-c988-cbd4e8935253" executionId="587b74a4-0292-4fc0-b17d-62d59038b69f" testListId="8c84fa94-04c1-424b-9868-57a2d4851a1d" />
    <TestEntry testId="19c3f928-098e-5d69-884d-98c0325ba016" executionId="3a46478f-1358-4ecd-996a-d5f845bc1bf0" testListId="8c84fa94-04c1-424b-9868-57a2d4851a1d" />
    <TestEntry testId="a745e2fb-7efb-f82f-b2f1-4d4407fef1bf" executionId="edc2659e-6031-4736-a668-ae17bda03115" testListId="8c84fa94-04c1-424b-9868-57a2d4851a1d" />
    <TestEntry testId="81417c41-9375-f712-0fac-1d5b5b87b40d" executionId="807490e1-6439-4ed2-9c04-38d8a1d81ca4" testListId="8c84fa94-04c1-424b-9868-57a2d4851a1d" />
    <TestEntry testId="d73911d2-c2d8-ee03-ca04-5aae6d83a89c" executionId="5586d722-5044-47e3-b9ac-2c4fc91d02fd" testListId="8c84fa94-04c1-424b-9868-57a2d4851a1d" />
    <TestEntry testId="a32a6327-5820-cac9-74f9-befc57033aaf" executionId="dbb05d08-cb57-4aad-921c-13ecd54652aa" testListId="8c84fa94-04c1-424b-9868-57a2d4851a1d" />
    <TestEntry testId="899519e0-14db-74f7-9025-6ef7c5f69451" executionId="4f27cc19-56b2-4e2b-ab39-12983a740562" testListId="8c84fa94-04c1-424b-9868-57a2d4851a1d" />
    <TestEntry testId="68db8ac5-0c1e-f976-695a-473fa8f8af01" executionId="de9b134f-d611-42c0-b415-b96e6a6fd51e" testListId="8c84fa94-04c1-424b-9868-57a2d4851a1d" />
    <TestEntry testId="1b9534a4-a8e9-4314-9f05-53cbe7801b07" executionId="ac5586e1-3496-484f-a692-d21190ac3238" testListId="8c84fa94-04c1-424b-9868-57a2d4851a1d" />
  </TestEntries>
  <Results>
    <UnitTestResult executionId="eecef9f6-11ef-41aa-921c-2817521205a7" testId="af55ddc5-fb2f-9939-64eb-8818cf1171aa" testName="IndexTest" computerName="WCMC-PC-01137" duration="00:00:00" startTime="0001-01-01T00:00:00.0000000+00:00" endTime="2013-10-29T13:49:45.3467040+00:00" testType="13cdc9d9-ddb5-4fa4-a97d-d965ccfc6d4b" outcome="Failed" testListId="8c84fa94-04c1-424b-9868-57a2d4851a1d">
      <Output>
        <ErrorInfo>
          <Message>The Web site path 'C:\Personal\dev\SignificantTrade\SignificantTrade' does not exist. Tests configured to run in ASP.NET Development Server must specify a valid path to the Web site. Correct the AspNetDevelopmentServerHost attribute for the test. For more information about ASP.NET unit tests, see "How to: Create an ASP.NET Unit Test" (http://go.microsoft.com/fwlink/?LinkId=62608) and "Testing Web Services" (http://go.microsoft.com/fwlink/?LinkId=62609) in the MSDN Library.</Message>
        </ErrorInfo>
      </Output>
    </UnitTestResult>
    <UnitTestResult executionId="4274ccc8-9a49-403c-9800-d9b0124974c8" testId="e07ec89f-13ad-fac5-e1ea-4e3bb0bb4a28" testName="IndexTest1" computerName="WCMC-PC-01137" duration="00:00:00" startTime="0001-01-01T00:00:00.0000000+00:00" endTime="2013-10-29T13:49:45.3597053+00:00" testType="13cdc9d9-ddb5-4fa4-a97d-d965ccfc6d4b" outcome="Failed" testListId="8c84fa94-04c1-424b-9868-57a2d4851a1d">
      <Output>
        <ErrorInfo>
          <Message>The Web site path 'C:\Personal\dev\SignificantTrade\SignificantTrade' does not exist. Tests configured to run in ASP.NET Development Server must specify a valid path to the Web site. Correct the AspNetDevelopmentServerHost attribute for the test. For more information about ASP.NET unit tests, see "How to: Create an ASP.NET Unit Test" (http://go.microsoft.com/fwlink/?LinkId=62608) and "Testing Web Services" (http://go.microsoft.com/fwlink/?LinkId=62609) in the MSDN Library.</Message>
        </ErrorInfo>
      </Output>
    </UnitTestResult>
    <UnitTestResult executionId="380d8d6f-150c-4867-8a4d-26c8ebfc45db" testId="4bdce021-1731-253c-eeab-87f5c03146c3" testName="IndexTest2" computerName="WCMC-PC-01137" duration="00:00:00" startTime="0001-01-01T00:00:00.0000000+00:00" endTime="2013-10-29T13:49:45.3687062+00:00" testType="13cdc9d9-ddb5-4fa4-a97d-d965ccfc6d4b" outcome="Failed" testListId="8c84fa94-04c1-424b-9868-57a2d4851a1d">
      <Output>
        <ErrorInfo>
          <Message>The Web site path 'C:\Personal\dev\SignificantTrade\SignificantTrade' does not exist. Tests configured to run in ASP.NET Development Server must specify a valid path to the Web site. Correct the AspNetDevelopmentServerHost attribute for the test. For more information about ASP.NET unit tests, see "How to: Create an ASP.NET Unit Test" (http://go.microsoft.com/fwlink/?LinkId=62608) and "Testing Web Services" (http://go.microsoft.com/fwlink/?LinkId=62609) in the MSDN Library.</Message>
        </ErrorInfo>
      </Output>
    </UnitTestResult>
    <UnitTestResult executionId="688e99e6-4ade-4954-9128-602a67c35b5f" testId="595dcbc8-c5cb-5e59-42b8-d941934163a5" testName="IndexTest3" computerName="WCMC-PC-01137" duration="00:00:00" startTime="0001-01-01T00:00:00.0000000+00:00" endTime="2013-10-29T13:49:45.3727066+00:00" testType="13cdc9d9-ddb5-4fa4-a97d-d965ccfc6d4b" outcome="Failed" testListId="8c84fa94-04c1-424b-9868-57a2d4851a1d">
      <Output>
        <ErrorInfo>
          <Message>The Web site path 'C:\Personal\dev\SignificantTrade\SignificantTrade' does not exist. Tests configured to run in ASP.NET Development Server must specify a valid path to the Web site. Correct the AspNetDevelopmentServerHost attribute for the test. For more information about ASP.NET unit tests, see "How to: Create an ASP.NET Unit Test" (http://go.microsoft.com/fwlink/?LinkId=62608) and "Testing Web Services" (http://go.microsoft.com/fwlink/?LinkId=62609) in the MSDN Library.</Message>
        </ErrorInfo>
      </Output>
    </UnitTestResult>
    <UnitTestResult executionId="cd48ddf2-e239-47fa-80c5-a1611ebf9a26" testId="786cf6a3-5843-b35a-facd-e86cb0350753" testName="testgetAllReviews" computerName="WCMC-PC-01137" duration="00:00:00" startTime="0001-01-01T00:00:00.0000000+00:00" endTime="2013-10-29T13:49:45.3767070+00:00" testType="13cdc9d9-ddb5-4fa4-a97d-d965ccfc6d4b" outcome="Failed" testListId="8c84fa94-04c1-424b-9868-57a2d4851a1d">
      <Output>
        <ErrorInfo>
          <Message>The Web site path 'C:\Personal\dev\SignificantTrade\SignificantTrade' does not exist. Tests configured to run in ASP.NET Development Server must specify a valid path to the Web site. Correct the AspNetDevelopmentServerHost attribute for the test. For more information about ASP.NET unit tests, see "How to: Create an ASP.NET Unit Test" (http://go.microsoft.com/fwlink/?LinkId=62608) and "Testing Web Services" (http://go.microsoft.com/fwlink/?LinkId=62609) in the MSDN Library.</Message>
        </ErrorInfo>
      </Output>
    </UnitTestResult>
    <UnitTestResult executionId="5be6c767-5a87-48ae-8d8d-a0ff0ac49ab7" testId="443e1e9c-04eb-97d4-80a7-135653c15860" testName="DeleteAReview" computerName="WCMC-PC-01137" duration="00:00:00.5450328" startTime="2013-10-29T13:49:45.4407134+00:00" endTime="2013-10-29T13:49:46.4938187+00:00" testType="13cdc9d9-ddb5-4fa4-a97d-d965ccfc6d4b" outcome="Failed" testListId="8c84fa94-04c1-424b-9868-57a2d4851a1d">
      <Output>
        <ErrorInfo>
          <Message>Test method SigTrade.Tests.AddReviewControllerTest.DeleteAReview threw exception:  System.NullReferenceException: Object reference not set to an instance of an object..</Message>
          <StackTrace>    at SigTrade.Models.TaxonRepository.deleteReview(TblReview r) in C:\projects\SigTradeTest 2\SigTrade\Models\TaxonRepository.cs:line 227
   at SigTrade.Tests.AddReviewControllerTest.DeleteAReview() in V:\Dropbox\Informatics\contracts\SpeciesRequests\SigTradeDatabase\SigTrade2\trunk\SigTrade.Tests\AddReviewControllerTest.cs:line 174
</StackTrace>
        </ErrorInfo>
      </Output>
    </UnitTestResult>
    <UnitTestResult executionId="5c2bdf07-0aeb-4a6c-bbf0-ead5e845ba4b" testId="9364a40e-859c-b3ad-ca1b-ae45ef04ed5d" testName="testParagraphActionDetails" computerName="WCMC-PC-01137" duration="00:00:00.0739348" startTime="2013-10-29T13:49:46.4998193+00:00" endTime="2013-10-29T13:49:46.5758269+00:00" testType="13cdc9d9-ddb5-4fa4-a97d-d965ccfc6d4b" outcome="Failed" testListId="8c84fa94-04c1-424b-9868-57a2d4851a1d">
      <Output>
        <ErrorInfo>
          <Message>Assert.AreEqual failed. Expected:&lt;&gt;. Actual:&lt;hello&gt;. </Message>
          <StackTrace>   at SigTrade.Tests.AddReviewControllerTest.testParagraphActionDetails() in V:\Dropbox\Informatics\contracts\SpeciesRequests\SigTradeDatabase\SigTrade2\trunk\SigTrade.Tests\AddReviewControllerTest.cs:line 193
</StackTrace>
        </ErrorInfo>
      </Output>
    </UnitTestResult>
    <UnitTestResult executionId="1170a0ca-9049-499d-a45d-cb3cca14ef37" testId="61cac7c0-2d8a-5098-f5a2-24338b02b306" testName="testgetSingleReview" computerName="WCMC-PC-01137" duration="00:00:00.0001522" startTime="2013-10-29T13:49:46.5828276+00:00" endTime="2013-10-29T13:49:46.5908284+00:00" testType="13cdc9d9-ddb5-4fa4-a97d-d965ccfc6d4b" outcome="Passed" testListId="8c84fa94-04c1-424b-9868-57a2d4851a1d">
      <Output>
      </Output>
    </UnitTestResult>
    <UnitTestResult executionId="12eec7b9-300b-48b5-8d34-4e4624799190" testId="267b06cf-3512-70f1-de50-617097bb439f" testName="getAllMeetingLibs" computerName="WCMC-PC-01137" duration="00:00:00.0001663" startTime="2013-10-29T13:49:46.5948288+00:00" endTime="2013-10-29T13:49:46.5978291+00:00" testType="13cdc9d9-ddb5-4fa4-a97d-d965ccfc6d4b" outcome="Passed" testListId="8c84fa94-04c1-424b-9868-57a2d4851a1d">
      <Output>
      </Output>
    </UnitTestResult>
    <UnitTestResult executionId="a1c1e495-d676-4fbb-a4f3-5f8a0632d276" testId="005b8027-79e3-46f6-9745-850e93b5d47c" testName="MeetingLibs_Get_By_ID" computerName="WCMC-PC-01137" duration="00:00:00.0224747" startTime="2013-10-29T13:49:46.6018295+00:00" endTime="2013-10-29T13:49:46.6268320+00:00" testType="13cdc9d9-ddb5-4fa4-a97d-d965ccfc6d4b" outcome="Failed" testListId="8c84fa94-04c1-424b-9868-57a2d4851a1d">
      <Output>
        <ErrorInfo>
          <Message>Assert.AreEqual failed. Expected:&lt;Animals Committee&gt;. Actual:&lt;Animal&gt;. </Message>
          <StackTrace>   at SigTrade.Tests.MeetingLibTest.MeetingLibs_Get_By_ID() in V:\Dropbox\Informatics\contracts\SpeciesRequests\SigTradeDatabase\SigTrade2\trunk\SigTrade.Tests\MeetingLibTest.cs:line 46
</StackTrace>
        </ErrorInfo>
      </Output>
    </UnitTestResult>
    <UnitTestResult executionId="f8a16564-3de7-448e-a0ab-68be07373cfd" testId="5cdd8905-2e22-888e-1f3e-3689f16f681a" testName="Adding_MeetingLib" computerName="WCMC-PC-01137" duration="00:00:00.1660690" startTime="2013-10-29T13:49:46.6308324+00:00" endTime="2013-10-29T13:49:46.7988492+00:00" testType="13cdc9d9-ddb5-4fa4-a97d-d965ccfc6d4b" outcome="Failed" testListId="8c84fa94-04c1-424b-9868-57a2d4851a1d">
      <Output>
        <ErrorInfo>
          <Message>Assert.AreEqual failed. Expected:&lt;34&gt;. Actual:&lt;3&gt;. </Message>
          <StackTrace>   at SigTrade.Tests.MeetingLibTest.Adding_MeetingLib() in V:\Dropbox\Informatics\contracts\SpeciesRequests\SigTradeDatabase\SigTrade2\trunk\SigTrade.Tests\MeetingLibTest.cs:line 67
</StackTrace>
        </ErrorInfo>
      </Output>
    </UnitTestResult>
    <UnitTestResult executionId="f19ba7c6-d499-486e-bd20-36ec7339e9ba" testId="a5920444-9fb9-a627-c3eb-59c205202b5a" testName="Modify_MeetingLib" computerName="WCMC-PC-01137" duration="00:00:00.0138013" startTime="2013-10-29T13:49:46.8028496+00:00" endTime="2013-10-29T13:49:46.8188512+00:00" testType="13cdc9d9-ddb5-4fa4-a97d-d965ccfc6d4b" outcome="Passed" testListId="8c84fa94-04c1-424b-9868-57a2d4851a1d">
      <Output>
      </Output>
    </UnitTestResult>
    <UnitTestResult executionId="3a2615db-a5c0-4db1-bf71-4297531216ae" testId="d4495f1f-48e0-bdfe-91e2-0a38079c614d" testName="Delete_MeetingLib" computerName="WCMC-PC-01137" duration="00:00:00.0131261" startTime="2013-10-29T13:49:46.8208514+00:00" endTime="2013-10-29T13:49:46.8368530+00:00" testType="13cdc9d9-ddb5-4fa4-a97d-d965ccfc6d4b" outcome="Passed" testListId="8c84fa94-04c1-424b-9868-57a2d4851a1d">
      <Output>
      </Output>
    </UnitTestResult>
    <UnitTestResult executionId="62683276-f91e-4953-a9b6-a98c321e33bf" testId="86421ab2-23e9-3e35-c1fa-2082e8b8bb8e" testName="Update_Meeting_Lib" computerName="WCMC-PC-01137" duration="00:00:00.0878683" startTime="2013-10-29T13:49:46.8408534+00:00" endTime="2013-10-29T13:49:46.9308624+00:00" testType="13cdc9d9-ddb5-4fa4-a97d-d965ccfc6d4b" outcome="Passed" testListId="8c84fa94-04c1-424b-9868-57a2d4851a1d">
      <Output>
      </Output>
    </UnitTestResult>
    <UnitTestResult executionId="2a989073-6bd7-47f4-b3fb-58695bab4e39" testId="acd8ff44-222c-07a5-9873-01d4e2fa7c6d" testName="Test_SP_MeetingLib" computerName="WCMC-PC-01137" duration="00:00:00.0061826" startTime="2013-10-29T13:49:46.9338627+00:00" endTime="2013-10-29T13:49:46.9418635+00:00" testType="13cdc9d9-ddb5-4fa4-a97d-d965ccfc6d4b" outcome="Passed" testListId="8c84fa94-04c1-424b-9868-57a2d4851a1d">
      <Output>
      </Output>
    </UnitTestResult>
    <UnitTestResult executionId="9bc38d1a-d399-4a6f-a325-3f5f4a83de71" testId="86474037-6951-4d9d-16fb-927f7eadc928" testName="Testing_views" computerName="WCMC-PC-01137" duration="00:00:01.8202623" startTime="2013-10-29T13:49:46.9448638+00:00" endTime="2013-10-29T13:49:48.7670460+00:00" testType="13cdc9d9-ddb5-4fa4-a97d-d965ccfc6d4b" outcome="Failed" testListId="8c84fa94-04c1-424b-9868-57a2d4851a1d">
      <Output>
        <ErrorInfo>
          <Message>Test method SigTrade.Tests.MeetingLibTest.Testing_views threw exception:  System.ArgumentException: Object of type 'System.Int32' cannot be converted to type 'System.Nullable`1[System.Double]'..</Message>
          <StackTrace>    at System.RuntimeType.CheckValue(Object value, Binder binder, CultureInfo culture, BindingFlags invokeAttr)
   at System.Reflection.MethodBase.CheckArguments(Object[] parameters, Binder binder, BindingFlags invokeAttr, CultureInfo culture, Signature sig)
   at System.Reflection.RuntimeMethodInfo.Invoke(Object obj, BindingFlags invokeAttr, Binder binder, Object[] parameters, CultureInfo culture, Boolean skipVisibilityChecks)
   at System.Reflection.RuntimeMethodInfo.Invoke(Object obj, BindingFlags invokeAttr, Binder binder, Object[] parameters, CultureInfo culture)
   at System.Reflection.RuntimePropertyInfo.SetValue(Object obj, Object value, BindingFlags invokeAttr, Binder binder, Object[] index, CultureInfo culture)
   at System.Reflection.RuntimePropertyInfo.SetValue(Object obj, Object value, Object[] index)
   at SubSonic.SqlQuery.BuildTypedResult[T](IDataReader rdr)
   at SubSonic.SqlQuery.ExecuteTypedList[T]()
   at SigTrade.Tests.MeetingLibTest.Testing_views() in V:\Dropbox\Informatics\contracts\SpeciesRequests\SigTradeDatabase\SigTrade2\trunk\SigTrade.Tests\MeetingLibTest.cs:line 136
</StackTrace>
        </ErrorInfo>
      </Output>
    </UnitTestResult>
    <UnitTestResult executionId="95fd07b7-c4cb-4ecc-8852-8f14870c503c" testId="9158661c-4987-a70b-66bb-a67170aee7e7" testName="getTaxonLevelID" computerName="WCMC-PC-01137" duration="00:00:00.0717548" startTime="2013-10-29T13:49:48.7710464+00:00" endTime="2013-10-29T13:49:48.8450538+00:00" testType="13cdc9d9-ddb5-4fa4-a97d-d965ccfc6d4b" outcome="Failed" testListId="8c84fa94-04c1-424b-9868-57a2d4851a1d">
      <Output>
        <ErrorInfo>
          <Message>Assert.AreEqual failed. Expected:&lt;6&gt;. Actual:&lt;10&gt;. </Message>
          <StackTrace>   at SigTrade.Tests.MeetingLibTest.getTaxonLevelID() in V:\Dropbox\Informatics\contracts\SpeciesRequests\SigTradeDatabase\SigTrade2\trunk\SigTrade.Tests\MeetingLibTest.cs:line 149
</StackTrace>
        </ErrorInfo>
      </Output>
    </UnitTestResult>
    <UnitTestResult executionId="74ceb4fc-a4e2-4bb9-bf9c-525828ac4a4e" testId="f35a8e72-3fd7-2e83-6b8b-a70a9cee4f21" testName="test_Sp_getTaxonSelected" computerName="WCMC-PC-01137" duration="00:00:02.6961298" startTime="2013-10-29T13:49:48.8510544+00:00" endTime="2013-10-29T13:49:51.5503243+00:00" testType="13cdc9d9-ddb5-4fa4-a97d-d965ccfc6d4b" outcome="Failed" testListId="8c84fa94-04c1-424b-9868-57a2d4851a1d">
      <Output>
        <ErrorInfo>
          <Message>Test method SigTrade.Tests.MeetingLibTest.test_Sp_getTaxonSelected threw exception:  System.IndexOutOfRangeException: There is no row at position 0..</Message>
          <StackTrace>    at System.Data.RBTree`1.GetNodeByIndex(Int32 userIndex)
   at System.Data.RBTree`1.get_Item(Int32 index)
   at System.Data.DataRowCollection.get_Item(Int32 index)
   at SigTrade.Models.TaxonRepository.getReviewTaxonName(Int32 TaxonID, String TaxonType, String Kingdom) in C:\projects\SigTradeTest 2\SigTrade\Models\TaxonRepository.cs:line 171
   at SigTrade.Tests.MeetingLibTest.test_Sp_getTaxonSelected() in V:\Dropbox\Informatics\contracts\SpeciesRequests\SigTradeDatabase\SigTrade2\trunk\SigTrade.Tests\MeetingLibTest.cs:line 159
</StackTrace>
        </ErrorInfo>
      </Output>
    </UnitTestResult>
    <UnitTestResult executionId="b8c1cbf3-1f1a-4048-a333-9996e1100a09" testId="eab7df36-6251-8915-09c6-b4613af57ea7" testName="testGetExternalRef" computerName="WCMC-PC-01137" duration="00:00:00.0160231" startTime="2013-10-29T13:49:51.5543247+00:00" endTime="2013-10-29T13:49:51.5733266+00:00" testType="13cdc9d9-ddb5-4fa4-a97d-d965ccfc6d4b" outcome="Failed" testListId="8c84fa94-04c1-424b-9868-57a2d4851a1d">
      <Output>
        <ErrorInfo>
          <Message>Assert.AreEqual failed. Expected:&lt;3&gt;. Actual:&lt;10&gt;. </Message>
          <StackTrace>   at SigTrade.Tests.MeetingLibTest.testGetExternalRef() in V:\Dropbox\Informatics\contracts\SpeciesRequests\SigTradeDatabase\SigTrade2\trunk\SigTrade.Tests\MeetingLibTest.cs:line 174
</StackTrace>
        </ErrorInfo>
      </Output>
    </UnitTestResult>
    <UnitTestResult executionId="587b74a4-0292-4fc0-b17d-62d59038b69f" testId="c48c2e2b-8b90-f6a5-c988-cbd4e8935253" testName="testAllCommittees" computerName="WCMC-PC-01137" duration="00:00:00.0537913" startTime="2013-10-29T13:49:51.5793272+00:00" endTime="2013-10-29T13:49:51.6363329+00:00" testType="13cdc9d9-ddb5-4fa4-a97d-d965ccfc6d4b" outcome="Failed" testListId="8c84fa94-04c1-424b-9868-57a2d4851a1d">
      <Output>
        <ErrorInfo>
          <Message>Assert.AreEqual failed. Expected:&lt;Animals Committee&gt;. Actual:&lt;hello&gt;. </Message>
          <StackTrace>   at SigTrade.Tests.MeetingLibTest.testAllCommittees() in V:\Dropbox\Informatics\contracts\SpeciesRequests\SigTradeDatabase\SigTrade2\trunk\SigTrade.Tests\MeetingLibTest.cs:line 194
</StackTrace>
        </ErrorInfo>
      </Output>
    </UnitTestResult>
    <UnitTestResult executionId="3a46478f-1358-4ecd-996a-d5f845bc1bf0" testId="19c3f928-098e-5d69-884d-98c0325ba016" testName="testSpPALIbExtra" computerName="WCMC-PC-01137" duration="00:00:00.0229169" startTime="2013-10-29T13:49:51.6413334+00:00" endTime="2013-10-29T13:49:51.6673360+00:00" testType="13cdc9d9-ddb5-4fa4-a97d-d965ccfc6d4b" outcome="Failed" testListId="8c84fa94-04c1-424b-9868-57a2d4851a1d">
      <Output>
        <ErrorInfo>
          <Message>Assert.AreEqual failed. Expected:&lt;A,B,C&gt;. Actual:&lt;hello&gt;. </Message>
          <StackTrace>   at SigTrade.Tests.MeetingLibTest.testSpPALIbExtra() in V:\Dropbox\Informatics\contracts\SpeciesRequests\SigTradeDatabase\SigTrade2\trunk\SigTrade.Tests\MeetingLibTest.cs:line 207
</StackTrace>
        </ErrorInfo>
      </Output>
    </UnitTestResult>
    <UnitTestResult executionId="edc2659e-6031-4736-a668-ae17bda03115" testId="a745e2fb-7efb-f82f-b2f1-4d4407fef1bf" testName="testForRoles" computerName="WCMC-PC-01137" duration="00:00:00.1852656" startTime="2013-10-29T13:49:51.6713364+00:00" endTime="2013-10-29T13:49:51.8603553+00:00" testType="13cdc9d9-ddb5-4fa4-a97d-d965ccfc6d4b" outcome="Failed" testListId="8c84fa94-04c1-424b-9868-57a2d4851a1d">
      <Output>
        <ErrorInfo>
          <Message>Test method SigTrade.Tests.MeetingLibTest.testForRoles threw exception:  System.NotSupportedException: Specified method is not supported..</Message>
          <StackTrace>    at System.Web.ClientServices.Providers.ClientRoleProvider.GetAllRoles()
   at System.Web.Security.Roles.GetAllRoles()
   at SigTrade.Models.MembershipRepository.getAllRoles() in C:\projects\SigTradeTest 2\SigTrade\Models\MembershipRepository.cs:line 15
   at SigTrade.Tests.MeetingLibTest.testForRoles() in V:\Dropbox\Informatics\contracts\SpeciesRequests\SigTradeDatabase\SigTrade2\trunk\SigTrade.Tests\MeetingLibTest.cs:line 216
</StackTrace>
        </ErrorInfo>
      </Output>
    </UnitTestResult>
    <UnitTestResult executionId="807490e1-6439-4ed2-9c04-38d8a1d81ca4" testId="81417c41-9375-f712-0fac-1d5b5b87b40d" testName="TestSelect" computerName="WCMC-PC-01137" duration="00:00:00.0127626" startTime="2013-10-29T13:49:51.8633556+00:00" endTime="2013-10-29T13:49:51.8793572+00:00" testType="13cdc9d9-ddb5-4fa4-a97d-d965ccfc6d4b" outcome="Failed" testListId="8c84fa94-04c1-424b-9868-57a2d4851a1d">
      <Output>
        <ErrorInfo>
          <Message>Assert.AreEqual failed. Expected:&lt;27&gt;. Actual:&lt;2&gt;. </Message>
          <StackTrace>   at SigTrade.Tests.MeetingLibTest.TestSelect() in V:\Dropbox\Informatics\contracts\SpeciesRequests\SigTradeDatabase\SigTrade2\trunk\SigTrade.Tests\MeetingLibTest.cs:line 230
</StackTrace>
        </ErrorInfo>
      </Output>
    </UnitTestResult>
    <UnitTestResult executionId="5586d722-5044-47e3-b9ac-2c4fc91d02fd" testId="d73911d2-c2d8-ee03-ca04-5aae6d83a89c" testName="TestAllDecisions" computerName="WCMC-PC-01137" duration="00:00:00.0195470" startTime="2013-10-29T13:49:51.8823575+00:00" endTime="2013-10-29T13:49:51.9043597+00:00" testType="13cdc9d9-ddb5-4fa4-a97d-d965ccfc6d4b" outcome="Failed" testListId="8c84fa94-04c1-424b-9868-57a2d4851a1d">
      <Output>
        <ErrorInfo>
          <Message>Assert.AreEqual failed. Expected:&lt;4&gt;. Actual:&lt;2&gt;. </Message>
          <StackTrace>   at SigTrade.Tests.MeetingLibTest.TestAllDecisions() in V:\Dropbox\Informatics\contracts\SpeciesRequests\SigTradeDatabase\SigTrade2\trunk\SigTrade.Tests\MeetingLibTest.cs:line 245
</StackTrace>
        </ErrorInfo>
      </Output>
    </UnitTestResult>
    <UnitTestResult executionId="dbb05d08-cb57-4aad-921c-13ecd54652aa" testId="a32a6327-5820-cac9-74f9-befc57033aaf" testName="TestDescriptionGeneral" computerName="WCMC-PC-01137" duration="00:00:00.0143674" startTime="2013-10-29T13:49:51.9073600+00:00" endTime="2013-10-29T13:49:51.9243617+00:00" testType="13cdc9d9-ddb5-4fa4-a97d-d965ccfc6d4b" outcome="Failed" testListId="8c84fa94-04c1-424b-9868-57a2d4851a1d">
      <Output>
        <ErrorInfo>
          <Message>Assert.AreEqual failed. Expected:&lt;Trade Suspended&gt;. Actual:&lt;hello&gt;. </Message>
          <StackTrace>   at SigTrade.Tests.MeetingLibTest.TestDescriptionGeneral() in V:\Dropbox\Informatics\contracts\SpeciesRequests\SigTradeDatabase\SigTrade2\trunk\SigTrade.Tests\MeetingLibTest.cs:line 259
</StackTrace>
        </ErrorInfo>
      </Output>
    </UnitTestResult>
    <UnitTestResult executionId="4f27cc19-56b2-4e2b-ab39-12983a740562" testId="899519e0-14db-74f7-9025-6ef7c5f69451" testName="TestDecisionDetails" computerName="WCMC-PC-01137" duration="00:00:00.0143609" startTime="2013-10-29T13:49:51.9273620+00:00" endTime="2013-10-29T13:49:51.9443637+00:00" testType="13cdc9d9-ddb5-4fa4-a97d-d965ccfc6d4b" outcome="Passed" testListId="8c84fa94-04c1-424b-9868-57a2d4851a1d">
      <Output>
      </Output>
    </UnitTestResult>
    <UnitTestResult executionId="de9b134f-d611-42c0-b415-b96e6a6fd51e" testId="68db8ac5-0c1e-f976-695a-473fa8f8af01" testName="Testing_Pagination" computerName="WCMC-PC-01137" duration="00:00:01.6640442" startTime="2013-10-29T13:49:51.9463639+00:00" endTime="2013-10-29T13:49:53.6135306+00:00" testType="13cdc9d9-ddb5-4fa4-a97d-d965ccfc6d4b" outcome="Failed" testListId="8c84fa94-04c1-424b-9868-57a2d4851a1d">
      <Output>
        <ErrorInfo>
          <Message>Assert.AreEqual failed. Expected:&lt;48&gt;. Actual:&lt;hello&gt;. </Message>
          <StackTrace>   at SigTrade.Tests.MeetingLibTest.Testing_Pagination() in V:\Dropbox\Informatics\contracts\SpeciesRequests\SigTradeDatabase\SigTrade2\trunk\SigTrade.Tests\MeetingLibTest.cs:line 290
</StackTrace>
        </ErrorInfo>
      </Output>
    </UnitTestResult>
    <UnitTestResult executionId="ac5586e1-3496-484f-a692-d21190ac3238" testId="1b9534a4-a8e9-4314-9f05-53cbe7801b07" testName="testPaging2" computerName="WCMC-PC-01137" duration="00:00:00.2756257" startTime="2013-10-29T13:49:53.6185311+00:00" endTime="2013-10-29T13:49:53.8975590+00:00" testType="13cdc9d9-ddb5-4fa4-a97d-d965ccfc6d4b" outcome="Failed" testListId="8c84fa94-04c1-424b-9868-57a2d4851a1d">
      <Output>
        <ErrorInfo>
          <Message>Assert.AreEqual failed. Expected:&lt;6&gt;. Actual:&lt;10&gt;. </Message>
          <StackTrace>   at SigTrade.Tests.MeetingLibTest.testPaging2() in V:\Dropbox\Informatics\contracts\SpeciesRequests\SigTradeDatabase\SigTrade2\trunk\SigTrade.Tests\MeetingLibTest.cs:line 305
</StackTrace>
        </ErrorInfo>
      </Output>
    </UnitTestResult>
  </Results>
</TestRun>